2021-05-28T17:19:15.420+0300	INFO	cmd/root.go:199	server started
2021-05-28T17:19:17.423+0300	INFO	root	cmd/root.go:39	Handler: ["POST http://localhost:43509/ HTTP/1.1" from 127.0.0.1:45064 - 204 0B in 407.57µs]
2021-05-28T17:19:17.423+0300	INFO	cmd/root.go:205	server stopped with context
2021-05-28T17:19:17.424+0300	ERROR	cmd/root.go:196	connection error: http: Server closed
github.com/go-itools-internship/go-secret/cmd/secret/cmd.(*root).serverCmd.func1.2
	/home/aliakseibir/GolandProjects/go-secret/cmd/secret/cmd/root.go:196
2021-05-28T17:19:17.424+0300	INFO	cmd/root.go:199	server started
2021-05-28T17:19:17.425+0300	INFO	cmd/root.go:218	server exit
2021-05-28T17:19:19.425+0300	INFO	root	cmd/root.go:39	Handler: ["POST http://localhost:46143/error HTTP/1.1" from 127.0.0.1:41438 - 404 19B in 9.94µs]
2021-05-28T17:19:19.425+0300	INFO	cmd/root.go:205	server stopped with context
2021-05-28T17:19:19.425+0300	ERROR	cmd/root.go:196	connection error: http: Server closed
github.com/go-itools-internship/go-secret/cmd/secret/cmd.(*root).serverCmd.func1.2
	/home/aliakseibir/GolandProjects/go-secret/cmd/secret/cmd/root.go:196
2021-05-28T17:19:19.425+0300	INFO	cmd/root.go:199	server started
2021-05-28T17:19:19.426+0300	INFO	cmd/root.go:218	server exit
2021-05-28T17:19:21.429+0300	INFO	root	cmd/root.go:39	Handler: ["POST http://localhost:44391/ HTTP/1.1" from 127.0.0.1:47902 - 204 0B in 515.668µs]
2021-05-28T17:19:21.430+0300	INFO	root	cmd/root.go:39	Handler: ["GET http://localhost:44391/?key=key-value&method=local HTTP/1.1" from 127.0.0.1:47902 - 200 25B in 330.393µs]
2021-05-28T17:19:21.431+0300	INFO	cmd/root.go:205	server stopped with context
2021-05-28T17:19:21.432+0300	ERROR	cmd/root.go:196	connection error: http: Server closed
github.com/go-itools-internship/go-secret/cmd/secret/cmd.(*root).serverCmd.func1.2
	/home/aliakseibir/GolandProjects/go-secret/cmd/secret/cmd/root.go:196
2021-05-28T17:19:21.432+0300	INFO	cmd/root.go:199	server started
2021-05-28T17:19:21.433+0300	INFO	cmd/root.go:218	server exit
2021-05-28T17:19:23.435+0300	INFO	cmd/root.go:205	server stopped with context
2021-05-28T17:19:23.435+0300	ERROR	cmd/root.go:196	connection error: http: Server closed
github.com/go-itools-internship/go-secret/cmd/secret/cmd.(*root).serverCmd.func1.2
	/home/aliakseibir/GolandProjects/go-secret/cmd/secret/cmd/root.go:196
2021-05-28T17:19:23.436+0300	INFO	cmd/root.go:199	server started
2021-05-28T17:19:23.436+0300	INFO	cmd/root.go:218	server exit
2021-05-28T17:19:25.438+0300	INFO	root	cmd/root.go:39	Handler: ["POST http://localhost:41109/ HTTP/1.1" from 127.0.0.1:52672 - 204 0B in 342.109µs]
2021-05-28T17:19:25.439+0300	INFO	root	cmd/root.go:39	Handler: ["GET http://localhost:41109/?key=key-value&method=local HTTP/1.1" from 127.0.0.1:52672 - 500 161B in 176.215µs]
2021-05-28T17:19:25.440+0300	INFO	cmd/root.go:205	server stopped with context
2021-05-28T17:19:25.440+0300	ERROR	cmd/root.go:196	connection error: http: Server closed
github.com/go-itools-internship/go-secret/cmd/secret/cmd.(*root).serverCmd.func1.2
	/home/aliakseibir/GolandProjects/go-secret/cmd/secret/cmd/root.go:196
2021-05-28T17:19:25.440+0300	INFO	cmd/root.go:199	server started
2021-05-28T17:19:25.441+0300	INFO	cmd/root.go:218	server exit
2021-05-28T17:19:27.443+0300	INFO	root	cmd/root.go:39	Handler: ["GET http://localhost:36715/errorUrl?key=invalid-key&method=local HTTP/1.1" from 127.0.0.1:49206 - 404 19B in 18.757µs]
2021-05-28T17:19:27.444+0300	INFO	cmd/root.go:205	server stopped with context
2021-05-28T17:19:27.444+0300	ERROR	cmd/root.go:196	connection error: http: Server closed
github.com/go-itools-internship/go-secret/cmd/secret/cmd.(*root).serverCmd.func1.2
	/home/aliakseibir/GolandProjects/go-secret/cmd/secret/cmd/root.go:196
2021-05-28T17:19:27.445+0300	INFO	cmd/root.go:199	server started
2021-05-28T17:19:27.445+0300	INFO	cmd/root.go:218	server exit
2021-05-28T17:19:29.445+0300	INFO	root	cmd/root.go:39	Handler: ["GET http://localhost:40657/?key=invalid-key&method=local HTTP/1.1" from 127.0.0.1:57810 - 500 117B in 116.067µs]
2021-05-28T17:19:29.446+0300	INFO	cmd/root.go:205	server stopped with context
2021-05-28T17:53:17.602+0300	INFO	cmd/root.go:199	server started
2021-05-28T17:53:19.604+0300	INFO	server.api	cmd/root.go:39	"POST http://localhost:45577/ HTTP/1.1" from 127.0.0.1:59920 - 204 0B in 310.841µs
2021-05-28T17:53:19.604+0300	INFO	cmd/root.go:205	server stopped with context
2021-05-28T17:53:19.604+0300	ERROR	cmd/root.go:196	connection error: http: Server closed
github.com/go-itools-internship/go-secret/cmd/secret/cmd.(*root).serverCmd.func1.2
	/home/aliakseibir/GolandProjects/go-secret/cmd/secret/cmd/root.go:196
2021-05-28T17:53:19.605+0300	INFO	cmd/root.go:199	server started
2021-05-28T17:53:19.606+0300	INFO	cmd/root.go:218	server exit
2021-05-28T17:53:21.607+0300	INFO	server.api	cmd/root.go:39	"POST http://localhost:36845/error HTTP/1.1" from 127.0.0.1:53286 - 404 19B in 10.1µs
2021-05-28T17:53:21.608+0300	INFO	cmd/root.go:205	server stopped with context
2021-05-28T17:53:21.608+0300	ERROR	cmd/root.go:196	connection error: http: Server closed
github.com/go-itools-internship/go-secret/cmd/secret/cmd.(*root).serverCmd.func1.2
	/home/aliakseibir/GolandProjects/go-secret/cmd/secret/cmd/root.go:196
2021-05-28T17:53:21.608+0300	INFO	cmd/root.go:199	server started
2021-05-28T17:53:21.609+0300	INFO	cmd/root.go:218	server exit
2021-05-28T17:53:23.609+0300	INFO	server.api	cmd/root.go:39	"POST http://localhost:36745/ HTTP/1.1" from 127.0.0.1:48266 - 204 0B in 170.785µs
2021-05-28T17:53:23.610+0300	INFO	server.api	cmd/root.go:39	"GET http://localhost:36745/?key=key-value&method=local HTTP/1.1" from 127.0.0.1:48266 - 200 25B in 123.509µs
2021-05-28T17:53:23.610+0300	INFO	cmd/root.go:205	server stopped with context
2021-05-28T17:53:23.610+0300	ERROR	cmd/root.go:196	connection error: http: Server closed
github.com/go-itools-internship/go-secret/cmd/secret/cmd.(*root).serverCmd.func1.2
	/home/aliakseibir/GolandProjects/go-secret/cmd/secret/cmd/root.go:196
2021-05-28T17:53:23.611+0300	INFO	cmd/root.go:199	server started
2021-05-28T17:53:23.611+0300	INFO	cmd/root.go:218	server exit
2021-05-28T17:53:25.611+0300	INFO	cmd/root.go:205	server stopped with context
2021-05-28T17:53:25.611+0300	ERROR	cmd/root.go:196	connection error: http: Server closed
github.com/go-itools-internship/go-secret/cmd/secret/cmd.(*root).serverCmd.func1.2
	/home/aliakseibir/GolandProjects/go-secret/cmd/secret/cmd/root.go:196
2021-05-28T17:53:25.611+0300	INFO	cmd/root.go:199	server started
2021-05-28T17:53:25.612+0300	INFO	cmd/root.go:218	server exit
2021-05-28T17:53:27.613+0300	INFO	server.api	cmd/root.go:39	"POST http://localhost:43573/ HTTP/1.1" from 127.0.0.1:47918 - 204 0B in 133.452µs
2021-05-28T17:53:27.613+0300	INFO	server.api	cmd/root.go:39	"GET http://localhost:43573/?key=key-value&method=local HTTP/1.1" from 127.0.0.1:47918 - 500 161B in 58.856µs
2021-05-28T17:53:27.613+0300	INFO	cmd/root.go:205	server stopped with context
2021-05-28T17:53:27.613+0300	ERROR	cmd/root.go:196	connection error: http: Server closed
github.com/go-itools-internship/go-secret/cmd/secret/cmd.(*root).serverCmd.func1.2
	/home/aliakseibir/GolandProjects/go-secret/cmd/secret/cmd/root.go:196
2021-05-28T17:53:27.614+0300	INFO	cmd/root.go:199	server started
2021-05-28T17:53:27.615+0300	INFO	cmd/root.go:218	server exit
2021-05-28T17:53:29.615+0300	INFO	server.api	cmd/root.go:39	"GET http://localhost:35861/errorUrl?key=invalid-key&method=local HTTP/1.1" from 127.0.0.1:39444 - 404 19B in 7.608µs
2021-05-28T17:53:29.616+0300	INFO	cmd/root.go:205	server stopped with context
2021-05-28T17:53:29.616+0300	ERROR	cmd/root.go:196	connection error: http: Server closed
github.com/go-itools-internship/go-secret/cmd/secret/cmd.(*root).serverCmd.func1.2
	/home/aliakseibir/GolandProjects/go-secret/cmd/secret/cmd/root.go:196
2021-05-28T17:53:29.616+0300	INFO	cmd/root.go:199	server started
2021-05-28T17:53:29.617+0300	INFO	cmd/root.go:218	server exit
2021-05-28T17:53:31.617+0300	INFO	server.api	cmd/root.go:39	"GET http://localhost:42563/?key=invalid-key&method=local HTTP/1.1" from 127.0.0.1:49618 - 500 117B in 100.296µs
2021-05-28T17:56:40.423+0300	INFO	cmd/root.go:150	test value
2021-05-28T17:56:40.424+0300	INFO	server	cmd/root.go:199	server started
2021-05-28T17:56:42.426+0300	INFO	server.api	cmd/root.go:39	"POST http://localhost:38617/ HTTP/1.1" from 127.0.0.1:52142 - 204 0B in 216.213µs
2021-05-28T17:56:42.426+0300	INFO	server	cmd/root.go:205	server stopped with context
2021-05-28T17:56:42.426+0300	ERROR	server	cmd/root.go:196	connection error: http: Server closed
github.com/go-itools-internship/go-secret/cmd/secret/cmd.(*root).serverCmd.func1.2
	/home/aliakseibir/GolandProjects/go-secret/cmd/secret/cmd/root.go:196
2021-05-28T17:56:42.426+0300	INFO	server	cmd/root.go:199	server started
2021-05-28T17:56:42.427+0300	INFO	server	cmd/root.go:218	server exit
2021-05-28T17:56:44.428+0300	INFO	server.api	cmd/root.go:39	"POST http://localhost:37943/error HTTP/1.1" from 127.0.0.1:43244 - 404 19B in 23.438µs
2021-05-28T17:56:44.429+0300	INFO	server	cmd/root.go:205	server stopped with context
2021-05-28T17:56:44.429+0300	ERROR	server	cmd/root.go:196	connection error: http: Server closed
github.com/go-itools-internship/go-secret/cmd/secret/cmd.(*root).serverCmd.func1.2
	/home/aliakseibir/GolandProjects/go-secret/cmd/secret/cmd/root.go:196
2021-05-28T17:56:44.429+0300	INFO	server	cmd/root.go:199	server started
2021-05-28T17:56:44.430+0300	INFO	server	cmd/root.go:218	server exit
2021-05-28T17:56:46.432+0300	INFO	server.api	cmd/root.go:39	"POST http://localhost:43757/ HTTP/1.1" from 127.0.0.1:38294 - 204 0B in 103.544µs
2021-05-28T17:56:46.432+0300	INFO	server.api	cmd/root.go:39	"GET http://localhost:43757/?key=key-value&method=local HTTP/1.1" from 127.0.0.1:38294 - 200 25B in 71.498µs
2021-05-28T17:56:46.432+0300	INFO	server	cmd/root.go:205	server stopped with context
2021-05-28T17:56:46.432+0300	ERROR	server	cmd/root.go:196	connection error: http: Server closed
github.com/go-itools-internship/go-secret/cmd/secret/cmd.(*root).serverCmd.func1.2
	/home/aliakseibir/GolandProjects/go-secret/cmd/secret/cmd/root.go:196
2021-05-28T17:56:46.432+0300	INFO	server	cmd/root.go:199	server started
2021-05-28T17:56:46.433+0300	INFO	server	cmd/root.go:218	server exit
2021-05-28T17:56:48.434+0300	INFO	server	cmd/root.go:205	server stopped with context
2021-05-28T17:56:48.434+0300	ERROR	server	cmd/root.go:196	connection error: http: Server closed
github.com/go-itools-internship/go-secret/cmd/secret/cmd.(*root).serverCmd.func1.2
	/home/aliakseibir/GolandProjects/go-secret/cmd/secret/cmd/root.go:196
2021-05-28T17:56:48.434+0300	INFO	server	cmd/root.go:199	server started
2021-05-28T17:56:48.435+0300	INFO	server	cmd/root.go:218	server exit
2021-05-28T17:56:50.436+0300	INFO	server.api	cmd/root.go:39	"POST http://localhost:41545/ HTTP/1.1" from 127.0.0.1:43954 - 204 0B in 205.462µs
2021-05-28T17:56:50.437+0300	INFO	server.api	cmd/root.go:39	"GET http://localhost:41545/?key=key-value&method=local HTTP/1.1" from 127.0.0.1:43954 - 500 161B in 177.035µs
2021-05-28T17:56:50.437+0300	INFO	server	cmd/root.go:205	server stopped with context
2021-05-28T17:56:50.437+0300	ERROR	server	cmd/root.go:196	connection error: http: Server closed
github.com/go-itools-internship/go-secret/cmd/secret/cmd.(*root).serverCmd.func1.2
	/home/aliakseibir/GolandProjects/go-secret/cmd/secret/cmd/root.go:196
2021-05-28T17:56:50.438+0300	INFO	server	cmd/root.go:199	server started
2021-05-28T17:56:50.439+0300	INFO	server	cmd/root.go:218	server exit
2021-05-28T17:56:52.439+0300	INFO	server.api	cmd/root.go:39	"GET http://localhost:42677/errorUrl?key=invalid-key&method=local HTTP/1.1" from 127.0.0.1:46286 - 404 19B in 7.897µs
2021-05-28T17:56:52.439+0300	INFO	server	cmd/root.go:205	server stopped with context
2021-05-28T17:56:52.439+0300	ERROR	server	cmd/root.go:196	connection error: http: Server closed
github.com/go-itools-internship/go-secret/cmd/secret/cmd.(*root).serverCmd.func1.2
	/home/aliakseibir/GolandProjects/go-secret/cmd/secret/cmd/root.go:196
2021-05-28T17:56:52.440+0300	INFO	server	cmd/root.go:199	server started
2021-05-28T17:56:52.440+0300	INFO	server	cmd/root.go:218	server exit
2021-05-28T17:56:54.441+0300	INFO	server.api	cmd/root.go:39	"GET http://localhost:43511/?key=invalid-key&method=local HTTP/1.1" from 127.0.0.1:42946 - 500 117B in 104.396µs
2021-05-28T17:56:54.441+0300	INFO	server	cmd/root.go:205	server stopped with context
2021-05-28T17:56:54.441+0300	ERROR	server	cmd/root.go:196	connection error: http: Server closed
github.com/go-itools-internship/go-secret/cmd/secret/cmd.(*root).serverCmd.func1.2
	/home/aliakseibir/GolandProjects/go-secret/cmd/secret/cmd/root.go:196
2021-05-28T17:56:54.442+0300	INFO	server	cmd/root.go:218	server exit
2021-05-28T18:01:21.850+0300	INFO	server	cmd/root.go:199	listener started
2021-05-28T18:01:23.851+0300	INFO	server.api	cmd/root.go:39	"POST http://localhost:38293/ HTTP/1.1" from 127.0.0.1:42492 - 204 0B in 126.908µs
2021-05-28T18:01:23.852+0300	INFO	server	cmd/root.go:205	listener stopped with context
2021-05-28T18:01:23.852+0300	ERROR	server	cmd/root.go:196	connection error: http: Server closed
github.com/go-itools-internship/go-secret/cmd/secret/cmd.(*root).serverCmd.func1.2
	/home/aliakseibir/GolandProjects/go-secret/cmd/secret/cmd/root.go:196
2021-05-28T18:01:23.852+0300	INFO	server	cmd/root.go:199	listener started
2021-05-28T18:01:23.853+0300	INFO	server	cmd/root.go:218	exit
2021-05-28T18:01:25.853+0300	INFO	server.api	cmd/root.go:39	"POST http://localhost:33369/error HTTP/1.1" from 127.0.0.1:57728 - 404 19B in 9.733µs
2021-05-28T18:01:25.853+0300	INFO	server	cmd/root.go:205	listener stopped with context
2021-05-28T18:01:25.854+0300	ERROR	server	cmd/root.go:196	connection error: http: Server closed
github.com/go-itools-internship/go-secret/cmd/secret/cmd.(*root).serverCmd.func1.2
	/home/aliakseibir/GolandProjects/go-secret/cmd/secret/cmd/root.go:196
2021-05-28T18:01:25.854+0300	INFO	server	cmd/root.go:199	listener started
2021-05-28T18:01:25.855+0300	INFO	server	cmd/root.go:218	exit
2021-05-28T18:01:27.854+0300	INFO	server.api	cmd/root.go:39	"POST http://localhost:36803/ HTTP/1.1" from 127.0.0.1:45954 - 204 0B in 116.909µs
2021-05-28T18:01:27.855+0300	INFO	server.api	cmd/root.go:39	"GET http://localhost:36803/?key=key-value&method=local HTTP/1.1" from 127.0.0.1:45954 - 200 25B in 70.095µs
2021-05-28T18:01:27.855+0300	INFO	server	cmd/root.go:205	listener stopped with context
2021-05-28T18:01:27.855+0300	ERROR	server	cmd/root.go:196	connection error: http: Server closed
github.com/go-itools-internship/go-secret/cmd/secret/cmd.(*root).serverCmd.func1.2
	/home/aliakseibir/GolandProjects/go-secret/cmd/secret/cmd/root.go:196
2021-05-28T18:01:27.855+0300	INFO	server	cmd/root.go:199	listener started
2021-05-28T18:01:27.856+0300	INFO	server	cmd/root.go:218	exit
2021-05-28T18:01:29.857+0300	INFO	server	cmd/root.go:205	listener stopped with context
2021-05-28T18:01:29.857+0300	ERROR	server	cmd/root.go:196	connection error: http: Server closed
github.com/go-itools-internship/go-secret/cmd/secret/cmd.(*root).serverCmd.func1.2
	/home/aliakseibir/GolandProjects/go-secret/cmd/secret/cmd/root.go:196
2021-05-28T18:01:29.857+0300	INFO	server	cmd/root.go:199	listener started
2021-05-28T18:01:29.858+0300	INFO	server	cmd/root.go:218	exit
2021-05-28T18:01:31.858+0300	INFO	server.api	cmd/root.go:39	"POST http://localhost:41761/ HTTP/1.1" from 127.0.0.1:33428 - 204 0B in 112.687µs
2021-05-28T18:01:31.858+0300	INFO	server.api	cmd/root.go:39	"GET http://localhost:41761/?key=key-value&method=local HTTP/1.1" from 127.0.0.1:33428 - 500 161B in 56.174µs
2021-05-28T18:01:31.859+0300	INFO	server	cmd/root.go:205	listener stopped with context
2021-05-28T18:01:31.859+0300	ERROR	server	cmd/root.go:196	connection error: http: Server closed
github.com/go-itools-internship/go-secret/cmd/secret/cmd.(*root).serverCmd.func1.2
	/home/aliakseibir/GolandProjects/go-secret/cmd/secret/cmd/root.go:196
2021-05-28T18:01:31.859+0300	INFO	server	cmd/root.go:199	listener started
2021-05-28T18:01:31.860+0300	INFO	server	cmd/root.go:218	exit
2021-05-28T18:01:33.860+0300	INFO	server.api	cmd/root.go:39	"GET http://localhost:37617/errorUrl?key=invalid-key&method=local HTTP/1.1" from 127.0.0.1:37190 - 404 19B in 6.259µs
2021-05-28T18:01:33.861+0300	INFO	server	cmd/root.go:205	listener stopped with context
2021-05-28T18:01:33.861+0300	ERROR	server	cmd/root.go:196	connection error: http: Server closed
github.com/go-itools-internship/go-secret/cmd/secret/cmd.(*root).serverCmd.func1.2
	/home/aliakseibir/GolandProjects/go-secret/cmd/secret/cmd/root.go:196
2021-05-28T18:01:33.861+0300	INFO	server	cmd/root.go:199	listener started
2021-05-28T18:01:33.862+0300	INFO	server	cmd/root.go:218	exit
2021-05-28T18:01:35.862+0300	INFO	server.api	cmd/root.go:39	"GET http://localhost:35795/?key=invalid-key&method=local HTTP/1.1" from 127.0.0.1:54762 - 500 117B in 107.03µs
2021-05-28T18:01:35.862+0300	INFO	server	cmd/root.go:205	listener stopped with context
{"level":"info","ts":1622214618.3125954,"logger":"server","msg":"listener started"}
{"level":"info","ts":1622214620.3136463,"logger":"server.api","msg":"\"POST http://localhost:36625/ HTTP/1.1\" from 127.0.0.1:59960 - 204 0B in 182.628µs"}
{"level":"info","ts":1622214620.3139155,"logger":"server","msg":"listener stopped with context"}
{"level":"error","ts":1622214620.3140585,"logger":"server","msg":"connection error: http: Server closed","stacktrace":"github.com/go-itools-internship/go-secret/cmd/secret/cmd.(*root).serverCmd.func1.2\n\t/home/aliakseibir/GolandProjects/go-secret/cmd/secret/cmd/root.go:204"}
{"level":"info","ts":1622214620.314293,"logger":"server","msg":"listener started"}
{"level":"info","ts":1622214620.3152184,"logger":"server","msg":"exit"}
{"level":"info","ts":1622214622.3158169,"logger":"server.api","msg":"\"POST http://localhost:41625/error HTTP/1.1\" from 127.0.0.1:54102 - 404 19B in 11.545µs"}
{"level":"info","ts":1622214622.316118,"logger":"server","msg":"listener stopped with context"}
{"level":"error","ts":1622214622.3162293,"logger":"server","msg":"connection error: http: Server closed","stacktrace":"github.com/go-itools-internship/go-secret/cmd/secret/cmd.(*root).serverCmd.func1.2\n\t/home/aliakseibir/GolandProjects/go-secret/cmd/secret/cmd/root.go:204"}
{"level":"info","ts":1622214622.3163702,"logger":"server","msg":"listener started"}
{"level":"info","ts":1622214622.3172991,"logger":"server","msg":"exit"}
{"level":"info","ts":1622214624.3180568,"logger":"server.api","msg":"\"POST http://localhost:32839/ HTTP/1.1\" from 127.0.0.1:36864 - 204 0B in 184.452µs"}
{"level":"info","ts":1622214624.318659,"logger":"server.api","msg":"\"GET http://localhost:32839/?key=key-value&method=local HTTP/1.1\" from 127.0.0.1:36864 - 200 25B in 128.156µs"}
{"level":"info","ts":1622214624.3190038,"logger":"server","msg":"listener stopped with context"}
{"level":"error","ts":1622214624.3192034,"logger":"server","msg":"connection error: http: Server closed","stacktrace":"github.com/go-itools-internship/go-secret/cmd/secret/cmd.(*root).serverCmd.func1.2\n\t/home/aliakseibir/GolandProjects/go-secret/cmd/secret/cmd/root.go:204"}
{"level":"info","ts":1622214624.319749,"logger":"server","msg":"listener started"}
{"level":"info","ts":1622214624.3204284,"logger":"server","msg":"exit"}
{"level":"info","ts":1622214626.3218932,"logger":"server","msg":"listener stopped with context"}
{"level":"error","ts":1622214626.322026,"logger":"server","msg":"connection error: http: Server closed","stacktrace":"github.com/go-itools-internship/go-secret/cmd/secret/cmd.(*root).serverCmd.func1.2\n\t/home/aliakseibir/GolandProjects/go-secret/cmd/secret/cmd/root.go:204"}
{"level":"info","ts":1622214626.3238704,"logger":"server","msg":"exit"}
{"level":"info","ts":1622214626.3241122,"logger":"server","msg":"listener started"}
{"level":"info","ts":1622214628.3237426,"logger":"server.api","msg":"\"POST http://localhost:38935/ HTTP/1.1\" from 127.0.0.1:45530 - 204 0B in 77.031µs"}
{"level":"info","ts":1622214628.3240166,"logger":"server.api","msg":"\"GET http://localhost:38935/?key=key-value&method=local HTTP/1.1\" from 127.0.0.1:45530 - 500 161B in 49.951µs"}
{"level":"info","ts":1622214628.3241904,"logger":"server","msg":"listener stopped with context"}
{"level":"error","ts":1622214628.324263,"logger":"server","msg":"connection error: http: Server closed","stacktrace":"github.com/go-itools-internship/go-secret/cmd/secret/cmd.(*root).serverCmd.func1.2\n\t/home/aliakseibir/GolandProjects/go-secret/cmd/secret/cmd/root.go:204"}
{"level":"info","ts":1622214628.3243933,"logger":"server","msg":"listener started"}
{"level":"info","ts":1622214628.3253665,"logger":"server","msg":"exit"}
{"level":"info","ts":1622214630.3257294,"logger":"server.api","msg":"\"GET http://localhost:39419/errorUrl?key=invalid-key&method=local HTTP/1.1\" from 127.0.0.1:38716 - 404 19B in 11.766µs"}
{"level":"info","ts":1622214630.3262057,"logger":"server","msg":"listener stopped with context"}
{"level":"error","ts":1622214630.3263376,"logger":"server","msg":"connection error: http: Server closed","stacktrace":"github.com/go-itools-internship/go-secret/cmd/secret/cmd.(*root).serverCmd.func1.2\n\t/home/aliakseibir/GolandProjects/go-secret/cmd/secret/cmd/root.go:204"}
{"level":"info","ts":1622214630.3269553,"logger":"server","msg":"listener started"}
{"level":"info","ts":1622214630.3275144,"logger":"server","msg":"exit"}
{"level":"info","ts":1622214632.3280885,"logger":"server.api","msg":"\"GET http://localhost:41523/?key=invalid-key&method=local HTTP/1.1\" from 127.0.0.1:35034 - 500 117B in 58.547µs"}
